"e","","No Phanon history found: C:/Users/zacha/Desktop/Lexeter/Tueller-Zachary-4/showyourwork/showyourwork.log Player unable to render
","0","1646081052058","task1.py","1.1.2 for 2021-2022 @t1","7"
"e","","","0","1646081052058","task1.py","1.1.2 for 2021-2022 @t1","7"
"e","","No Phanon history found: C:/Users/zacha/Desktop/Lexeter/Tueller-Zachary-4/showyourwork/showyourwork.log Player unable to render
","0","1646081052058","plan1fix","1.1.2 for 2021-2022 @t1","7"
"e","","","0","1646081052059","plan1fix","1.1.2 for 2021-2022 @t1","7"
"e","","No Phanon history found: C:/Users/zacha/Desktop/Lexeter/Tueller-Zachary-4/showyourwork/showyourwork.log Player unable to render
","0","1646081052059","chessboard.py","1.1.2 for 2021-2022 @t1","7"
"e","","","0","1646081052059","chessboard.py","1.1.2 for 2021-2022 @t1","7"
"e","","No Phanon history found: C:/Users/zacha/Desktop/Lexeter/Tueller-Zachary-4/showyourwork/showyourwork.log Player unable to render
","0","1646081052059","task2.py","1.1.2 for 2021-2022 @t1","7"
"e","","","0","1646081052059","task2.py","1.1.2 for 2021-2022 @t1","7"
"e","","No Phanon history found: C:/Users/zacha/Desktop/Lexeter/Tueller-Zachary-4/showyourwork/showyourwork.log Player unable to render
","0","1646081052059","plan2.txt","1.1.2 for 2021-2022 @t1","7"
"e","","","0","1646081052059","plan2.txt","1.1.2 for 2021-2022 @t1","7"
"e","","No Phanon history found: C:/Users/zacha/Desktop/Lexeter/Tueller-Zachary-4/showyourwork/showyourwork.log Player unable to render
","0","1646081052060","plan3","1.1.2 for 2021-2022 @t1","7"
"e","","","0","1646081052060","plan3","1.1.2 for 2021-2022 @t1","7"
"e","","No Phanon history found: C:/Users/zacha/Desktop/Lexeter/Tueller-Zachary-4/showyourwork/showyourwork.log Player unable to render
","0","1646081052060","task3.py","1.1.2 for 2021-2022 @t1","7"
"e","","","0","1646081052060","task3.py","1.1.2 for 2021-2022 @t1","7"
"e","","No Phanon history found: C:/Users/zacha/Desktop/Lexeter/Tueller-Zachary-4/showyourwork/showyourwork.log Player unable to render
","0","1646081052060","pattern.py","1.1.2 for 2021-2022 @t1","7"
"e","","","0","1646081052060","pattern.py","1.1.2 for 2021-2022 @t1","7"
