"a","ShowYourWork Init","","","000","ShowYourWork Init","1.1.2 for 2021-2022 @t1","0"
"a","Enter",,,"1429327","Lexeter.py","1.1.2 for 2021-2022 @t1","0"
"e","if __name__==""__main__"":
    from lib.player import *;from lib.darkroom import *
    from lib.action import *;from lib.core import *
    import os.path
    lexeter=lex_init()
    
    tick(lexeter.world)
","","0","1429426","Lexeter.py","1.1.2 for 2021-2022 @t1","0"
"a","Paste",,,"1429605","Lexeter.py","1.1.2 for 2021-2022 @t1","0"
"p","Print(""This is wonderful"")",,"179","1429746","Lexeter.py","1.1.2 for 2021-2022 @t1","0"
"e","","    ","175","1429756","Lexeter.py","1.1.2 for 2021-2022 @t1","0"
"e","    Print(""This is wonderful"")","","175","1429760","Lexeter.py","1.1.2 for 2021-2022 @t1","0"
"r","Start",,,"1432777","Lexeter.py","1.1.2 for 2021-2022 @t1","0"
"r","Exit","1",,"1433020","Lexeter.py","1.1.2 for 2021-2022 @t1","0"
"a","Backspace",,,"1447619","Lexeter.py","1.1.2 for 2021-2022 @t1","0"
"e","","    Print(""This is wonderful"")","175","1447626","Lexeter.py","1.1.2 for 2021-2022 @t1","0"
"a","Backspace",,,"1447777","Lexeter.py","1.1.2 for 2021-2022 @t1","0"
"e","","
","175","1447786","Lexeter.py","1.1.2 for 2021-2022 @t1","0"
"a","Enter",,,"1609537","Lexeter.py","1.1.2 for 2021-2022 @t1","0"
"e","    
","","175","1609542","Lexeter.py","1.1.2 for 2021-2022 @t1","0"
"a","Paste",,,"1609696","Lexeter.py","1.1.2 for 2021-2022 @t1","0"
"p","print(5 + 10 / 2)",,"179","1609702","Lexeter.py","1.1.2 for 2021-2022 @t1","0"
"e","","    ","175","1609718","Lexeter.py","1.1.2 for 2021-2022 @t1","0"
"e","    print(5 + 10 / 2)","","175","1609720","Lexeter.py","1.1.2 for 2021-2022 @t1","0"
"r","Start",,,"1611692","Lexeter.py","1.1.2 for 2021-2022 @t1","0"
"a","Backspace",,,"1616080","Lexeter.py","1.1.2 for 2021-2022 @t1","0"
"e","","    print(5 + 10 / 2)","175","1616083","Lexeter.py","1.1.2 for 2021-2022 @t1","0"
"a","Backspace",,,"1616352","Lexeter.py","1.1.2 for 2021-2022 @t1","0"
"e","","
","175","1616355","Lexeter.py","1.1.2 for 2021-2022 @t1","0"
"a","EditorChange",,,"15470227","Lexeter.py","1.1.2 for 2021-2022 @t1","0"
"a","EditorChange",,,"15470792","Lexeter.py","1.1.2 for 2021-2022 @t1","0"
"a","EditorChange",,,"15471876","Lexeter.py","1.1.2 for 2021-2022 @t1","0"
"a","EditorChange",,,"15472615","Lexeter.py","1.1.2 for 2021-2022 @t1","0"
"r","Exit","-1073741510",,"16106025","Lexeter.py","1.1.2 for 2021-2022 @t1","0"
"r","Start",,,"16106240","Lexeter.py","1.1.2 for 2021-2022 @t1","0"
"r","Exit","1",,"16106571","Lexeter.py","1.1.2 for 2021-2022 @t1","0"
"r","Start",,,"16126362","Lexeter.py","1.1.2 for 2021-2022 @t1","0"
"r","Exit","1",,"16130972","Lexeter.py","1.1.2 for 2021-2022 @t1","0"
"r","Start",,,"16148762","Lexeter.py","1.1.2 for 2021-2022 @t1","0"
"r","Exit","1",,"16153557","Lexeter.py","1.1.2 for 2021-2022 @t1","0"
"r","Start",,,"16167175","Lexeter.py","1.1.2 for 2021-2022 @t1","0"
"r","Exit","-1073741510",,"17866472","Lexeter.py","1.1.2 for 2021-2022 @t1","0"
"r","Start",,,"17866730","Lexeter.py","1.1.2 for 2021-2022 @t1","0"
"r","Exit","1",,"17873716","Lexeter.py","1.1.2 for 2021-2022 @t1","0"
"r","Start",,,"17922063","Lexeter.py","1.1.2 for 2021-2022 @t1","0"
"r","Exit","1",,"17927428","Lexeter.py","1.1.2 for 2021-2022 @t1","0"
"r","Start",,,"18000773","Lexeter.py","1.1.2 for 2021-2022 @t1","0"
"r","Exit","-1073741510",,"18046482","Lexeter.py","1.1.2 for 2021-2022 @t1","0"
"r","Start",,,"18046709","Lexeter.py","1.1.2 for 2021-2022 @t1","0"
"r","Exit","1",,"18047005","Lexeter.py","1.1.2 for 2021-2022 @t1","0"
"r","Start",,,"18055467","Lexeter.py","1.1.2 for 2021-2022 @t1","0"
"a","Outside edit","","","1642179758749","player.py","1.1.2 for 2021-2022 @t1","-1"
"a","ShowYourWork Init","","","000","ShowYourWork Init","1.1.2 for 2021-2022 @t1","1"
"r","Start",,,"12143527","Lexeter.py","1.1.2 for 2021-2022 @t1","1"
"r","Exit","1",,"12144138","Lexeter.py","1.1.2 for 2021-2022 @t1","1"
"r","Start",,,"12171452","Lexeter.py","1.1.2 for 2021-2022 @t1","1"
"r","Exit","-1073741510",,"12218005","Lexeter.py","1.1.2 for 2021-2022 @t1","1"
"r","Start",,,"12218206","Lexeter.py","1.1.2 for 2021-2022 @t1","1"
"r","Exit","-1073741510",,"12386719","Lexeter.py","1.1.2 for 2021-2022 @t1","1"
"r","Start",,,"12386908","Lexeter.py","1.1.2 for 2021-2022 @t1","1"
"r","Exit","-1073741510",,"12460268","Lexeter.py","1.1.2 for 2021-2022 @t1","1"
"r","Start",,,"12526737","Lexeter.py","1.1.2 for 2021-2022 @t1","1"
"r","Exit","1",,"12538716","Lexeter.py","1.1.2 for 2021-2022 @t1","1"
"r","Start",,,"12585762","Lexeter.py","1.1.2 for 2021-2022 @t1","1"
"r","Exit","1",,"12597373","Lexeter.py","1.1.2 for 2021-2022 @t1","1"
"r","Start",,,"12944699","Lexeter.py","1.1.2 for 2021-2022 @t1","1"
"r","Exit","-1073741510",,"12989599","Lexeter.py","1.1.2 for 2021-2022 @t1","1"
"r","Start",,,"12989784","Lexeter.py","1.1.2 for 2021-2022 @t1","1"
"r","Exit","1",,"12989889","Lexeter.py","1.1.2 for 2021-2022 @t1","1"
"r","Start",,,"13010465","Lexeter.py","1.1.2 for 2021-2022 @t1","1"
"r","Exit","-1073741510",,"13063521","Lexeter.py","1.1.2 for 2021-2022 @t1","1"
"r","Start",,,"13063712","Lexeter.py","1.1.2 for 2021-2022 @t1","1"
"r","Exit","1",,"13063802","Lexeter.py","1.1.2 for 2021-2022 @t1","1"
"r","Start",,,"13071489","Lexeter.py","1.1.2 for 2021-2022 @t1","1"
"r","Exit","1",,"13071722","Lexeter.py","1.1.2 for 2021-2022 @t1","1"
"r","Start",,,"13087422","Lexeter.py","1.1.2 for 2021-2022 @t1","1"
"r","Exit","-1073741510",,"13105450","Lexeter.py","1.1.2 for 2021-2022 @t1","1"
"r","Start",,,"13105587","Lexeter.py","1.1.2 for 2021-2022 @t1","1"
"r","Exit","-1073741510",,"13278925","Lexeter.py","1.1.2 for 2021-2022 @t1","1"
"r","Start",,,"13279095","Lexeter.py","1.1.2 for 2021-2022 @t1","1"
"r","Exit","-1073741510",,"13329472","Lexeter.py","1.1.2 for 2021-2022 @t1","1"
"r","Start",,,"13329660","Lexeter.py","1.1.2 for 2021-2022 @t1","1"
"r","Exit","-1073741510",,"13361038","Lexeter.py","1.1.2 for 2021-2022 @t1","1"
"r","Start",,,"13361195","Lexeter.py","1.1.2 for 2021-2022 @t1","1"
"r","Exit","1",,"13361289","Lexeter.py","1.1.2 for 2021-2022 @t1","1"
"r","Start",,,"13378935","Lexeter.py","1.1.2 for 2021-2022 @t1","1"
"r","Exit","1",,"13379228","Lexeter.py","1.1.2 for 2021-2022 @t1","1"
"r","Start",,,"13389472","Lexeter.py","1.1.2 for 2021-2022 @t1","1"
"r","Exit","-1073741510",,"13445486","Lexeter.py","1.1.2 for 2021-2022 @t1","1"
"r","Start",,,"13445705","Lexeter.py","1.1.2 for 2021-2022 @t1","1"
"r","Exit","1",,"13458060","Lexeter.py","1.1.2 for 2021-2022 @t1","1"
"r","Start",,,"13486157","Lexeter.py","1.1.2 for 2021-2022 @t1","1"
"r","Exit","-1073741510",,"16812812","Lexeter.py","1.1.2 for 2021-2022 @t1","1"
"r","Start",,,"16813029","Lexeter.py","1.1.2 for 2021-2022 @t1","1"
"r","Exit","1",,"16821893","Lexeter.py","1.1.2 for 2021-2022 @t1","1"
"r","Start",,,"16879958","Lexeter.py","1.1.2 for 2021-2022 @t1","1"
"r","Exit","1",,"16886834","Lexeter.py","1.1.2 for 2021-2022 @t1","1"
"r","Start",,,"16955877","Lexeter.py","1.1.2 for 2021-2022 @t1","1"
"r","Exit","-1073741510",,"16974425","Lexeter.py","1.1.2 for 2021-2022 @t1","1"
"r","Start",,,"18258146","Lexeter.py","1.1.2 for 2021-2022 @t1","1"
"r","Exit","-1073741510",,"18578256","Lexeter.py","1.1.2 for 2021-2022 @t1","1"
"r","Start",,,"18578403","Lexeter.py","1.1.2 for 2021-2022 @t1","1"
"r","Exit","-1073741510",,"18605751","Lexeter.py","1.1.2 for 2021-2022 @t1","1"
"r","Start",,,"18605935","Lexeter.py","1.1.2 for 2021-2022 @t1","1"
"r","Exit","1",,"18607715","Lexeter.py","1.1.2 for 2021-2022 @t1","1"
"r","Start",,,"18621279","Lexeter.py","1.1.2 for 2021-2022 @t1","1"
"r","Exit","1",,"18622947","Lexeter.py","1.1.2 for 2021-2022 @t1","1"
"r","Start",,,"18649665","Lexeter.py","1.1.2 for 2021-2022 @t1","1"
"r","Exit","1",,"18654884","Lexeter.py","1.1.2 for 2021-2022 @t1","1"
"r","Start",,,"18677283","Lexeter.py","1.1.2 for 2021-2022 @t1","1"
"r","Exit","1",,"18679141","Lexeter.py","1.1.2 for 2021-2022 @t1","1"
"r","Start",,,"18693877","Lexeter.py","1.1.2 for 2021-2022 @t1","1"
"r","Exit","1",,"18700005","Lexeter.py","1.1.2 for 2021-2022 @t1","1"
"r","Start",,,"18838258","Lexeter.py","1.1.2 for 2021-2022 @t1","1"
"r","Exit","-1073741510",,"18971213","Lexeter.py","1.1.2 for 2021-2022 @t1","1"
"r","Start",,,"18971398","Lexeter.py","1.1.2 for 2021-2022 @t1","1"
"r","Exit","1",,"18974123","Lexeter.py","1.1.2 for 2021-2022 @t1","1"
"r","Start",,,"19019728","Lexeter.py","1.1.2 for 2021-2022 @t1","1"
"r","Exit","1",,"19024884","Lexeter.py","1.1.2 for 2021-2022 @t1","1"
"r","Start",,,"19053178","Lexeter.py","1.1.2 for 2021-2022 @t1","1"
"r","Exit","-1073741510",,"19120456","Lexeter.py","1.1.2 for 2021-2022 @t1","1"
"r","Start",,,"19120636","Lexeter.py","1.1.2 for 2021-2022 @t1","1"
"r","Exit","-1073741510",,"19165644","Lexeter.py","1.1.2 for 2021-2022 @t1","1"
"r","Start",,,"19165835","Lexeter.py","1.1.2 for 2021-2022 @t1","1"
"r","Exit","1",,"19165939","Lexeter.py","1.1.2 for 2021-2022 @t1","1"
"r","Start",,,"19175567","Lexeter.py","1.1.2 for 2021-2022 @t1","1"
"r","Exit","-1073741510",,"19201247","Lexeter.py","1.1.2 for 2021-2022 @t1","1"
"r","Start",,,"19201418","Lexeter.py","1.1.2 for 2021-2022 @t1","1"
"r","Exit","1",,"19204212","Lexeter.py","1.1.2 for 2021-2022 @t1","1"
"r","Start",,,"19275197","Lexeter.py","1.1.2 for 2021-2022 @t1","1"
"r","Exit","1",,"19275290","Lexeter.py","1.1.2 for 2021-2022 @t1","1"
"r","Start",,,"19284645","Lexeter.py","1.1.2 for 2021-2022 @t1","1"
"r","Exit","1",,"19284775","Lexeter.py","1.1.2 for 2021-2022 @t1","1"
"r","Start",,,"19290338","Lexeter.py","1.1.2 for 2021-2022 @t1","1"
"r","Exit","-1073741510",,"19301172","Lexeter.py","1.1.2 for 2021-2022 @t1","1"
"r","Start",,,"19301339","Lexeter.py","1.1.2 for 2021-2022 @t1","1"
"r","Exit","1",,"19307136","Lexeter.py","1.1.2 for 2021-2022 @t1","1"
"r","Start",,,"19326071","Lexeter.py","1.1.2 for 2021-2022 @t1","1"
"r","Exit","-1073741510",,"19400425","Lexeter.py","1.1.2 for 2021-2022 @t1","1"
"r","Start",,,"19400600","Lexeter.py","1.1.2 for 2021-2022 @t1","1"
"r","Exit","-1073741510",,"19415628","Lexeter.py","1.1.2 for 2021-2022 @t1","1"
"r","Start",,,"19415768","Lexeter.py","1.1.2 for 2021-2022 @t1","1"
"a","Outside edit","","","1642442019391","player.py","1.1.2 for 2021-2022 @t1","-1"
"a","Outside edit","","","1642442019569","action.py","1.1.2 for 2021-2022 @t1","-1"
"a","Outside edit","","","1642442019699","core.py","1.1.2 for 2021-2022 @t1","-1"
"a","Outside edit","","","1642442019945","biome.py","1.1.2 for 2021-2022 @t1","-1"
"a","ShowYourWork Init","","","000","ShowYourWork Init","1.1.2 for 2021-2022 @t1","2"
"a","Outside edit","","","1642452330683","main.py","1.1.2 for 2021-2022 @t1","1"
"a","Outside edit","","","1642452330686",".gitignore","1.1.2 for 2021-2022 @t1","1"
"a","Outside edit","","","1642452331017","main.py","1.1.2 for 2021-2022 @t1","1"
"a","ShowYourWork Init","","","000","ShowYourWork Init","1.1.2 for 2021-2022 @t1","3"
"e"," ","","11","3437751","Lexeter.py","1.1.2 for 2021-2022 @t1","3"
"k"," ",,"12","3437753","Lexeter.py","1.1.2 for 2021-2022 @t1","3"
"e"," ","","14","3439156","Lexeter.py","1.1.2 for 2021-2022 @t1","3"
"k"," ",,"15","3439157","Lexeter.py","1.1.2 for 2021-2022 @t1","3"
"e"," ","","56","3440354","Lexeter.py","1.1.2 for 2021-2022 @t1","3"
"k"," ",,"57","3440355","Lexeter.py","1.1.2 for 2021-2022 @t1","3"
"e"," ","","113","3441239","Lexeter.py","1.1.2 for 2021-2022 @t1","3"
"k"," ",,"114","3441239","Lexeter.py","1.1.2 for 2021-2022 @t1","3"
"e",""," ","56","3453945","Lexeter.py","1.1.2 for 2021-2022 @t1","3"
"e","",";","55","3454145","Lexeter.py","1.1.2 for 2021-2022 @t1","3"
"e","
    ","","55","3454754","Lexeter.py","1.1.2 for 2021-2022 @t1","3"
"e",""," ","116","3457461","Lexeter.py","1.1.2 for 2021-2022 @t1","3"
"e","",";","115","3457651","Lexeter.py","1.1.2 for 2021-2022 @t1","3"
"e","
    ","","115","3458055","Lexeter.py","1.1.2 for 2021-2022 @t1","3"
"e"," ","","173","3465860","Lexeter.py","1.1.2 for 2021-2022 @t1","3"
"k"," ",,"174","3465860","Lexeter.py","1.1.2 for 2021-2022 @t1","3"
"e"," ","","175","3466631","Lexeter.py","1.1.2 for 2021-2022 @t1","3"
"k"," ",,"176","3466632","Lexeter.py","1.1.2 for 2021-2022 @t1","3"
"e","","    import os.path","143","3483654","Lexeter.py","1.1.2 for 2021-2022 @t1","3"
"e","","
","143","3483844","Lexeter.py","1.1.2 for 2021-2022 @t1","3"
"e","l","","177","32342027","Lexeter.py","1.1.2 for 2021-2022 @t1","3"
"k","l",,"178","32342028","Lexeter.py","1.1.2 for 2021-2022 @t1","3"
"e"," ","","178","32342050","Lexeter.py","1.1.2 for 2021-2022 @t1","3"
"e",""," ","178","32342378","Lexeter.py","1.1.2 for 2021-2022 @t1","3"
"e","e","","178","32342379","Lexeter.py","1.1.2 for 2021-2022 @t1","3"
"k","e",,"179","32342387","Lexeter.py","1.1.2 for 2021-2022 @t1","3"
"e","x","","179","32342634","Lexeter.py","1.1.2 for 2021-2022 @t1","3"
"k","x",,"180","32342643","Lexeter.py","1.1.2 for 2021-2022 @t1","3"
"e","e","","180","32343083","Lexeter.py","1.1.2 for 2021-2022 @t1","3"
"k","e",,"181","32343090","Lexeter.py","1.1.2 for 2021-2022 @t1","3"
"e","t","","181","32343194","Lexeter.py","1.1.2 for 2021-2022 @t1","3"
"k","t",,"182","32343198","Lexeter.py","1.1.2 for 2021-2022 @t1","3"
"e","e","","182","32343275","Lexeter.py","1.1.2 for 2021-2022 @t1","3"
"k","e",,"183","32343281","Lexeter.py","1.1.2 for 2021-2022 @t1","3"
"e","r","","183","32343434","Lexeter.py","1.1.2 for 2021-2022 @t1","3"
"k","r",,"184","32343439","Lexeter.py","1.1.2 for 2021-2022 @t1","3"
"e",",","","184","32343549","Lexeter.py","1.1.2 for 2021-2022 @t1","3"
"k",",",,"185","32343549","Lexeter.py","1.1.2 for 2021-2022 @t1","3"
