/Lexeter.py
/lib/player.py
/lib/action.py
/lib/core.py
/lib/darkroom.py
/lib/biome.py
hadMano/Tueller-Zachary-1/main.py
/.idea/.gitignore
/main.py
/task1.py
/Lexeter.py
/lib/player.py
/lib/action.py
/lib/core.py
/lib/darkroom.py
/lib/biome.py
hadMano/Tueller-Zachary-1/main.py
/lib/items.py
/setup.py
/lib/Lexeter.py
/concat.py
/Lexeter.py
/lib/player.py
/lib/action.py
/lib/core.py
/lib/darkroom.py
/lib/biome.py
hadMano/Tueller-Zachary-1/main.py
/.idea/.gitignore
/main.py
/task1.py
/Lexeter.py
/lib/player.py
/lib/action.py
/lib/core.py
/lib/darkroom.py
/lib/biome.py
hadMano/Tueller-Zachary-1/main.py
/lib/items.py
/setup.py
/lib/Lexeter.py
/Tueller-Zachary-2/task1.py
/Tueller-Zachary-2/task2.py
/Tueller-Zachary-2/task3.py
/Tueller-Zachary-2/task4.py
/Tueller-Zachary-1/main.py
/Tueller-Zachary-2/plan3.txt
tion.py
ems.py
ayer.py
r Source.py
re.py
ster/emailSpam-master/forwardSpam.py
ain.py
/Tueller-Zachary-3/task1.py
/Tueller-Zachary-3/task2.py
/Tueller-Zachary-3/task3.py
/Tueller-Zachary-3/task4.py
/Tueller-Zachary-3/plan3
/Tueller-Zachary-3/plan4
/Tueller-Zachary-4/task1.py
/Tueller-Zachary-4/plan1fix
/Tueller-Zachary-4/chessboard.py
/Tueller-Zachary-4/task2.py
/Tueller-Zachary-4/plan2.txt
/Tueller-Zachary-4/plan3
/Tueller-Zachary-4/task3.py
/Tueller-Zachary-4/pattern.py
/Tueller-Zachary-5/task1.py
/Tueller-Zachary-5/plan2
/Tueller-Zachary-5/modules/blobber.py
/Tueller-Zachary-5/task2.py
/Tueller-Zachary-5/plan3
/Tueller-Zachary-5/modules/wordinator.py
/Tueller-Zachary-6/task1.py
/Tueller-Zachary-6/task2.py
/Tueller-Zachary-6/task3/unit6_task3/plan3
/Tueller-Zachary-6/task3/unit6_task3/modules/card.py
/Tueller-Zachary-6/task3/unit6_task3/modules/deck.py
/Tueller-Zachary-6/task3/unit6_task3/task3.py
/Tueller-Zachary-6/testscriptintg.py
/Tueller-Zachary-6/task4.py
/Tueller-Zachary-6/modules/orbian.py
/Tueller-Zachary-7/modules/memoryboard.py
/Tueller-Zachary-7/modules/memorycard.py
/Tueller-Zachary-7/memory_test.py
/Tueller-Zachary-7/memory_starter.py
/Tueller-Zachary-7/taks2.py
/Lexeter Source.py
/save/log.txt
